2020-06-10 19:39:18,225 simfection   INFO     + Initializing Simfection Run.
2020-06-10 19:39:18,225 settings     INFO     + Setting custom settings.
2020-06-10 19:39:18,225 settings     DEBUG    - Setting cpp to False.
2020-06-10 19:39:18,226 simfection   INFO     + Building directory structure at simfection.
2020-06-10 19:39:18,227 simfection   DEBUG    + Setting NUMEXP_NUM_THREADS to 4.
2020-06-10 19:39:18,227 population_engine DEBUG    + Initializing population engine.
2020-06-10 19:39:18,227 population_engine DEBUG    - Unloading settings.
2020-06-10 19:39:18,228 population_engine INFO     + Synthesizing population.
2020-06-10 19:39:18,231 simfection   INFO     + Running 15 days.
2020-06-10 19:39:18,231 simulation_day INFO     + Simulating day 0.
2020-06-10 19:39:18,231 simulation_day DEBUG    + Population loaded.
2020-06-10 19:39:18,232 simulation_day DEBUG    + Saving starting population.
2020-06-10 19:39:18,232 connection_engine DEBUG    + Initializing connection engine.
2020-06-10 19:39:18,232 connection_engine DEBUG    - Creating connections.
2020-06-10 19:39:20,239 connection_engine DEBUG    - All connections made successfully.
2020-06-10 19:39:20,239 root         DEBUG    - Connections made in 2.007197856903076 seconds
2020-06-10 19:39:20,239 interaction_engine DEBUG    + Initializing interaction engine.
2020-06-10 19:39:20,239 interaction_engine DEBUG    - Getting unique interactions.
2020-06-10 19:39:20,293 interaction_engine DEBUG    - Running all unique interactions.
2020-06-10 19:39:21,837 root         DEBUG    - Interactions made in 1.5981523990631104 seconds.
2020-06-10 19:39:21,837 update_engine DEBUG    + Initializing update engine.
2020-06-10 19:39:21,838 update_engine DEBUG    - Reading pathogen.
2020-06-10 19:39:21,838 update_engine DEBUG    + Running update engine.
2020-06-10 19:39:21,838 update_engine DEBUG    - Updating states.
2020-06-10 19:39:21,844 update_engine DEBUG    - Updating recovered.
2020-06-10 19:39:21,849 update_engine DEBUG    - Updating infected.
2020-06-10 19:39:21,853 update_engine DEBUG    - Updating immnue.
2020-06-10 19:39:21,858 update_engine DEBUG    - Updates complete.
2020-06-10 19:39:21,858 root         DEBUG    - Updates made in 0.02039504051208496 seconds.
2020-06-10 19:39:21,858 simulation_day DEBUG    - Day ran successfully.
2020-06-10 19:39:21,858 simulation_day DEBUG    - Day simulated in 3.6263179779052734 seconds.
2020-06-10 19:39:21,858 simulation_day DEBUG    - Saving final population.
2020-06-10 19:39:21,858 path         DEBUG    + Saving day 0 to simfection/output/simfection_1591843158_day_0.pickle.
2020-06-10 19:39:21,861 simulation_day INFO     + Simulating day 1.
2020-06-10 19:39:21,861 simulation_day DEBUG    + Population loaded.
2020-06-10 19:39:21,861 simulation_day DEBUG    + Saving starting population.
2020-06-10 19:39:21,862 connection_engine DEBUG    + Initializing connection engine.
2020-06-10 19:39:21,862 connection_engine DEBUG    - Creating connections.
2020-06-10 19:39:23,584 connection_engine DEBUG    - All connections made successfully.
2020-06-10 19:39:23,584 root         DEBUG    - Connections made in 1.722519874572754 seconds
2020-06-10 19:39:23,584 interaction_engine DEBUG    + Initializing interaction engine.
2020-06-10 19:39:23,584 interaction_engine DEBUG    - Getting unique interactions.
2020-06-10 19:39:23,629 interaction_engine DEBUG    - Running all unique interactions.
